Wed 20 Mar 2024 08:25:25 PM UTC: 
 exercises.c | 3 +++
 1 file changed, 3 insertions(+)
 tests:  0|0
1e9ab1e
Wed 20 Mar 2024 08:28:02 PM UTC: 
 exercises.c | 6 +++++-
 1 file changed, 5 insertions(+), 1 deletion(-)
In file included from test.c:5:
exercises.c: In function ‘crea_lista’:
exercises.c:47:5: error: expected expression before ‘int’
   47 |     int* dato = (int*)malloc(sizeof(int));
      |     ^~~
exercises.c:46:3: error: this ‘for’ clause does not guard... [-Werror=misleading-indentation]
   46 |   for(int i = 1; i <= 10; i++)
      |   ^~~
exercises.c:48:5: note: ...this statement, but the latter is misleadingly indented as if it were guarded by the ‘for’
   48 |     *dato = i;
      |     ^
exercises.c:48:6: error: ‘dato’ undeclared (first use in this function)
   48 |     *dato = i;
      |      ^~~~
exercises.c:48:6: note: each undeclared identifier is reported only once for each function it appears in
exercises.c:48:13: error: ‘i’ undeclared (first use in this function)
   48 |     *dato = i;
      |             ^
exercises.c:49:5: error: implicit declaration of function ‘push_back’; did you mean ‘pushBack’? [-Werror=implicit-function-declaration]
   49 |     push_back(L, dato);
      |     ^~~~~~~~~
      |     pushBack
cc1: all warnings being treated as errors
Compilation failed
cbc64bb
Wed 20 Mar 2024 08:28:30 PM UTC: 
 exercises.c | 6 ++----
 1 file changed, 2 insertions(+), 4 deletions(-)
In file included from test.c:5:
exercises.c: In function ‘crea_lista’:
exercises.c:49:5: error: implicit declaration of function ‘push_back’; did you mean ‘pushBack’? [-Werror=implicit-function-declaration]
   49 |     push_back(L, dato);
      |     ^~~~~~~~~
      |     pushBack
cc1: all warnings being treated as errors
Compilation failed
09f6091
Wed 20 Mar 2024 08:28:42 PM UTC: 
 exercises.c | 2 +-
 1 file changed, 1 insertion(+), 1 deletion(-)
 tests:  1|4
total_score: 10/70
badb218
Wed 20 Mar 2024 08:30:35 PM UTC: 
 exercises.c | 9 ++++++++-
 1 file changed, 8 insertions(+), 1 deletion(-)
In file included from test.c:5:
exercises.c: In function ‘sumaLista’:
exercises.c:64:25: error: implicit declaration of function ‘length’ [-Werror=implicit-function-declaration]
   64 |     for(int i = 0 ; i < length(L); i++)
      |                         ^~~~~~
cc1: all warnings being treated as errors
Compilation failed
7af81e3
Wed 20 Mar 2024 08:33:36 PM UTC: 
 exercises.c | 3 ++-
 1 file changed, 2 insertions(+), 1 deletion(-)
In file included from test.c:5:
exercises.c: In function ‘sumaLista’:
exercises.c:60:24: error: invalid use of incomplete typedef ‘List’
   60 |   int largo = get_size(*L);
      |                        ^~
Compilation failed
19749ac
Wed 20 Mar 2024 08:35:19 PM UTC: 
 exercises.c | 6 +++---
 1 file changed, 3 insertions(+), 3 deletions(-)
In file included from test.c:5:
exercises.c: In function ‘sumaLista’:
exercises.c:65:7: error: implicit declaration of function ‘pushFronT’; did you mean ‘pushFront’? [-Werror=implicit-function-declaration]
   65 |       pushFronT(L, dato);
      |       ^~~~~~~~~
      |       pushFront
exercises.c:64:5: error: this ‘for’ clause does not guard... [-Werror=misleading-indentation]
   64 |     for(int i = 0; i < get_size(L); i++)
      |     ^~~
exercises.c:66:7: note: ...this statement, but the latter is misleadingly indented as if it were guarded by the ‘for’
   66 |       suma += *dato;
      |       ^~~~
cc1: all warnings being treated as errors
Compilation failed
98b4c18
Wed 20 Mar 2024 08:35:33 PM UTC: 
 exercises.c | 2 +-
 1 file changed, 1 insertion(+), 1 deletion(-)
In file included from test.c:5:
exercises.c: In function ‘sumaLista’:
exercises.c:64:5: error: this ‘for’ clause does not guard... [-Werror=misleading-indentation]
   64 |     for(int i = 0; i < get_size(L); i++)
      |     ^~~
exercises.c:66:7: note: ...this statement, but the latter is misleadingly indented as if it were guarded by the ‘for’
   66 |       suma += *dato;
      |       ^~~~
cc1: all warnings being treated as errors
Compilation failed
de2c23f
Wed 20 Mar 2024 08:35:47 PM UTC: 
 exercises.c | 3 ++-
 1 file changed, 2 insertions(+), 1 deletion(-)
 tests:  2|3
total_score: 20/70
84ebb0e
Wed 20 Mar 2024 08:37:23 PM UTC: 
 exercises.c | 9 +++++++++
 1 file changed, 9 insertions(+)
 tests:  0|0
22df280
Wed 20 Mar 2024 08:37:57 PM UTC: 
 exercises.c | 2 +-
 1 file changed, 1 insertion(+), 1 deletion(-)
In file included from test.c:5:
exercises.c: In function ‘sumaLista’:
exercises.c:66:12: error: assignment to ‘int’ from ‘int *’ makes integer from pointer without a cast [-Werror=int-conversion]
   66 |       suma += dato;
      |            ^~
cc1: all warnings being treated as errors
Compilation failed
6786fbb
Wed 20 Mar 2024 08:38:23 PM UTC: 
 exercises.c | 2 +-
 1 file changed, 1 insertion(+), 1 deletion(-)
 tests:  0|0
0293568
Wed 20 Mar 2024 08:40:03 PM UTC: 
 exercises.c | 4 +---
 1 file changed, 1 insertion(+), 3 deletions(-)
 tests:  0|0
0293568
Wed 20 Mar 2024 08:40:44 PM UTC: 
 exercises.c | 3 +--
 1 file changed, 1 insertion(+), 2 deletions(-)
 tests:  3|2
total_score: 40/70
662764b
Wed 20 Mar 2024 08:40:55 PM UTC: 
 exercises.c | 3 +--
 1 file changed, 1 insertion(+), 2 deletions(-)
 tests:  3|2
total_score: 40/70
b2bdba7
Wed 20 Mar 2024 08:41:06 PM UTC: 
 exercises.c | 3 +--
 1 file changed, 1 insertion(+), 2 deletions(-)
 tests:  3|2
total_score: 40/70
b782cce
Wed 20 Mar 2024 08:43:59 PM UTC: 
 exercises.c | 7 +++++++
 1 file changed, 7 insertions(+)
 tests:  3|2
total_score: 40/70
7111e43
Wed 20 Mar 2024 08:51:14 PM UTC: 
 exercises.c | 3 +--
 1 file changed, 1 insertion(+), 2 deletions(-)
 tests:  3|2
total_score: 40/70
cdb1d2d
Wed 20 Mar 2024 08:52:13 PM UTC: 
 exercises.c | 3 ---
 1 file changed, 3 deletions(-)
 tests:  3|2
total_score: 40/70
f80344a
Wed 20 Mar 2024 08:54:06 PM UTC: 
 exercises.c | 9 ++++++++-
 1 file changed, 8 insertions(+), 1 deletion(-)
 tests:  0|0
5938786
Wed 20 Mar 2024 08:55:30 PM UTC: 
 exercises.c | 8 ++++++--
 1 file changed, 6 insertions(+), 2 deletions(-)
 tests:  3|2
total_score: 40/70
d2ca0ac
Wed 20 Mar 2024 08:55:40 PM UTC: 
 exercises.c | 2 +-
 1 file changed, 1 insertion(+), 1 deletion(-)
 tests:  0|0
2467430
Wed 20 Mar 2024 08:55:48 PM UTC: 
 exercises.c | 2 +-
 1 file changed, 1 insertion(+), 1 deletion(-)
 tests:  3|2
total_score: 40/70
b44e9f0
Wed 20 Mar 2024 08:56:17 PM UTC: 
 exercises.c | 6 ++++--
 1 file changed, 4 insertions(+), 2 deletions(-)
 tests:  3|2
total_score: 40/70
a16568e
Wed 20 Mar 2024 08:57:00 PM UTC: 
 exercises.c | 4 +---
 1 file changed, 1 insertion(+), 3 deletions(-)
In file included from test.c:5:
exercises.c: In function ‘copia_pila’:
exercises.c:97:3: error: this ‘while’ clause does not guard... [-Werror=misleading-indentation]
   97 |   while((dato = pop(P1)) != NULL)
      |   ^~~~~
exercises.c:99:5: note: ...this statement, but the latter is misleadingly indented as if it were guarded by the ‘while’
   99 |     top(P1);
      |     ^~~
cc1: all warnings being treated as errors
Compilation failed
f166644
Wed 20 Mar 2024 08:57:21 PM UTC: 
 exercises.c | 8 ++++----
 1 file changed, 4 insertions(+), 4 deletions(-)
 tests:  3|2
total_score: 40/70
6f1836a
Wed 20 Mar 2024 08:57:43 PM UTC: 
 exercises.c | 8 ++++----
 1 file changed, 4 insertions(+), 4 deletions(-)
 tests:  3|2
total_score: 40/70
bca0f78
Wed 20 Mar 2024 09:00:52 PM UTC: 
 exercises.c | 4 +---
 1 file changed, 1 insertion(+), 3 deletions(-)
 tests:  0|0
b57f098
Wed 20 Mar 2024 09:02:18 PM UTC: 
 exercises.c | 4 +++-
 1 file changed, 3 insertions(+), 1 deletion(-)
 tests:  0|0
b530392
Wed 20 Mar 2024 09:02:35 PM UTC: 
 exercises.c | 4 +---
 1 file changed, 1 insertion(+), 3 deletions(-)
 tests:  3|2
total_score: 40/70
2bb57dc
Wed 20 Mar 2024 09:02:56 PM UTC: 
 exercises.c | 5 +++--
 1 file changed, 3 insertions(+), 2 deletions(-)
 tests:  4|1
total_score: 50/70
643ceb3
Wed 20 Mar 2024 09:03:47 PM UTC: 
 exercises.c | 2 +-
 1 file changed, 1 insertion(+), 1 deletion(-)
 tests:  4|1
total_score: 50/70
4de4e6b
Wed 20 Mar 2024 09:04:28 PM UTC: 
 exercises.c | 2 +-
 1 file changed, 1 insertion(+), 1 deletion(-)
 tests:  4|1
total_score: 50/70
fa09531
Wed 20 Mar 2024 09:05:46 PM UTC: 
 exercises.c | 8 +++++---
 1 file changed, 5 insertions(+), 3 deletions(-)
In file included from test.c:5:
exercises.c: In function ‘copia_pila’:
exercises.c:97:3: error: this ‘while’ clause does not guard... [-Werror=misleading-indentation]
   97 |   while((dato = pop(P1)) != NULL)
      |   ^~~~~
exercises.c:99:5: note: ...this statement, but the latter is misleadingly indented as if it were guarded by the ‘while’
   99 |     push(P2, dato);
      |     ^~~~
exercises.c: At top level:
exercises.c:105:1: error: expected identifier or ‘(’ before ‘}’ token
  105 | }
      | ^
cc1: all warnings being treated as errors
Compilation failed
7e13b4e
Wed 20 Mar 2024 09:06:17 PM UTC: 
 exercises.c | 8 +++-----
 1 file changed, 3 insertions(+), 5 deletions(-)
 tests:  4|1
total_score: 50/70
bbb5a13
Fri 22 Mar 2024 08:49:54 PM UTC: 
 exercises.c | 31 ++++++++++++++++++++++++++++++-
 1 file changed, 30 insertions(+), 1 deletion(-)
In file included from test.c:5:
exercises.c: In function ‘parentesisBalanceados’:
exercises.c:113:17: error: implicit declaration of function ‘createStack’; did you mean ‘create_stack’? [-Werror=implicit-function-declaration]
  113 |   Stack* pila = createStack();
      |                 ^~~~~~~~~~~
      |                 create_stack
exercises.c:113:17: error: initialization of ‘Stack *’ {aka ‘List *’} from ‘int’ makes pointer from integer without a cast [-Werror=int-conversion]
exercises.c:114:26: error: passing argument 1 of ‘first’ from incompatible pointer type [-Werror=incompatible-pointer-types]
  114 |   char* elemento = first(cadena);
      |                          ^~~~~~
      |                          |
      |                          char *
In file included from exercises.c:6,
                 from test.c:5:
arraylist.h:10:19: note: expected ‘List *’ but argument is of type ‘char *’
   10 | void* first(List *L);
      |             ~~~~~~^
In file included from test.c:5:
exercises.c:118:17: error: comparison between pointer and integer [-Werror]
  118 |     if(elemento == '(' || elemento == '[' || elemento == '{') push(pila, elemento);
      |                 ^~
exercises.c:118:36: error: comparison between pointer and integer [-Werror]
  118 |     if(elemento == '(' || elemento == '[' || elemento == '{') push(pila, elemento);
      |                                    ^~
exercises.c:118:55: error: comparison between pointer and integer [-Werror]
  118 |     if(elemento == '(' || elemento == '[' || elemento == '{') push(pila, elemento);
      |                                                       ^~
exercises.c:122:10: error: implicit declaration of function ‘isEmpty’ [-Werror=implicit-function-declaration]
  122 |       if(isEmpty(pila)) return 0;
      |          ^~~~~~~
exercises.c:126:21: error: comparison between pointer and integer [-Werror]
  126 |         if(elemento == ')' && elemento_pila == '(') pop(pila);
      |                     ^~
exercises.c:126:45: error: comparison between pointer and integer [-Werror]
  126 |         if(elemento == ')' && elemento_pila == '(') pop(pila);
      |                                             ^~
exercises.c:130:23: error: comparison between pointer and integer [-Werror]
  130 |           if(elemento == ']' && elemento_pila == '[') pop(pila);
      |                       ^~
exercises.c:130:47: error: comparison between pointer and integer [-Werror]
  130 |           if(elemento == ']' && elemento_pila == '[') pop(pila);
      |                                               ^~
exercises.c:134:25: error: comparison between pointer and integer [-Werror]
  134 |             if(elemento == '}' && elemento_pila == '{') pop(pila);
      |                         ^~
exercises.c:134:49: error: comparison between pointer and integer [-Werror]
  134 |             if(elemento == '}' && elemento_pila == '{') pop(pila);
      |                                                 ^~
exercises.c:144:1: error: control reaches end of non-void function [-Werror=return-type]
  144 | }
      | ^
cc1: all warnings being treated as errors
Compilation failed
3a1321e
Fri 22 Mar 2024 08:55:33 PM UTC: 
 exercises.c | 32 +-------------------------------
 1 file changed, 1 insertion(+), 31 deletions(-)
 tests:  4|1
total_score: 50/70
9185fb1
Sun 24 Mar 2024 02:34:41 AM UTC: 
 exercises.c | 14 ++++++++++++++
 1 file changed, 14 insertions(+)
In file included from test.c:5:
exercises.c: In function ‘parentesisBalanceados’:
exercises.c:120:20: error: initialization of ‘char’ from ‘void *’ makes integer from pointer without a cast [-Werror=int-conversion]
  120 |       char elem2 = pop(pila);
      |                    ^~~
exercises.c:121:19: error: comparison between pointer and integer [-Werror]
  121 |       if(elemento == ')' && elem2 != '(')
      |                   ^~
exercises.c: At top level:
exercises.c:127:19: error: implicit declaration of function ‘isEmpty’ [-Werror=implicit-function-declaration]
  127 |   int resultado = isEmpty(pila);
      |                   ^~~~~~~
exercises.c:127:27: error: ‘pila’ undeclared here (not in a function)
  127 |   int resultado = isEmpty(pila);
      |                           ^~~~
exercises.c:128:3: error: expected identifier or ‘(’ before ‘return’
  128 |   return 0;
      |   ^~~~~~
exercises.c:129:1: error: expected identifier or ‘(’ before ‘}’ token
  129 | }
      | ^
exercises.c: In function ‘parentesisBalanceados’:
exercises.c:126:3: error: control reaches end of non-void function [-Werror=return-type]
  126 |   }
      |   ^
cc1: all warnings being treated as errors
Compilation failed
01f2f92
Sun 24 Mar 2024 02:35:36 AM UTC: 
 exercises.c | 2 +-
 1 file changed, 1 insertion(+), 1 deletion(-)
In file included from test.c:5:
exercises.c: In function ‘parentesisBalanceados’:
exercises.c:116:19: error: comparison between pointer and integer [-Werror]
  116 |   while(*elemento != NULL){
      |                   ^~
exercises.c:120:20: error: initialization of ‘char’ from ‘void *’ makes integer from pointer without a cast [-Werror=int-conversion]
  120 |       char elem2 = pop(pila);
      |                    ^~~
exercises.c:121:19: error: comparison between pointer and integer [-Werror]
  121 |       if(elemento == ')' && elem2 != '(')
      |                   ^~
exercises.c: At top level:
exercises.c:127:19: error: implicit declaration of function ‘isEmpty’ [-Werror=implicit-function-declaration]
  127 |   int resultado = isEmpty(pila);
      |                   ^~~~~~~
exercises.c:127:27: error: ‘pila’ undeclared here (not in a function)
  127 |   int resultado = isEmpty(pila);
      |                           ^~~~
exercises.c:128:3: error: expected identifier or ‘(’ before ‘return’
  128 |   return 0;
      |   ^~~~~~
exercises.c:129:1: error: expected identifier or ‘(’ before ‘}’ token
  129 | }
      | ^
exercises.c: In function ‘parentesisBalanceados’:
exercises.c:126:3: error: control reaches end of non-void function [-Werror=return-type]
  126 |   }
      |   ^
cc1: all warnings being treated as errors
Compilation failed
cd437d0
Sun 24 Mar 2024 02:37:20 AM UTC: 
 exercises.c | 33 +++++++++++++++++++++++----------
 1 file changed, 23 insertions(+), 10 deletions(-)
In file included from test.c:5:
exercises.c: In function ‘parentesisBalanceados’:
exercises.c:121:12: error: implicit declaration of function ‘isEmpty’ [-Werror=implicit-function-declaration]
  121 |         if(isEmpty(pila)) return 0;
      |            ^~~~~~~
exercises.c:124:21: error: cast from pointer to integer of different size [-Werror=pointer-to-int-cast]
  124 |           char c2 = (char)top(pila);
      |                     ^
exercises.c:125:27: error: invalid type argument of unary ‘*’ (have ‘int’)
  125 |           if(*c == ')' && *c2 == '(') pop(pila);
      |                           ^~~
exercises.c:128:29: error: invalid type argument of unary ‘*’ (have ‘int’)
  128 |             if(*c == ']' && *c2 == '[') pop(pila);
      |                             ^~~
exercises.c:131:31: error: invalid type argument of unary ‘*’ (have ‘int’)
  131 |               if(*c == '}' && *c2 == '{') pop(pila);
      |                               ^~~
exercises.c: At top level:
exercises.c:142:1: error: expected identifier or ‘(’ before ‘}’ token
  142 | }
      | ^
cc1: all warnings being treated as errors
Compilation failed
760736b
